<component name="libraryTable">
  <library name="junit5-5.4.1">
    <CLASSES>
      <root url="jar://$PROJECT_DIR$/target/dependencies/junit-jupiter-api-5.4.1.jar!/" />
      <root url="jar://$PROJECT_DIR$/target/dependencies/junit-jupiter-engine-5.4.1.jar!/" />
      <root url="jar://$PROJECT_DIR$/target/dependencies/junit-jupiter-params-5.4.1.jar!/" />
      <root url="jar://$PROJECT_DIR$/target/dependencies/junit-vintage-engine-5.4.1.jar!/" />
      <root url="jar://$PROJECT_DIR$/target/dependencies/junit-platform-engine-1.4.1.jar!/" />
      <root url="jar://$PROJECT_DIR$/target/dependencies/junit-platform-launcher-1.4.1.jar!/" />
    </CLASSES>
    <JAVADOC />
    <SOURCES />
  </library>
</component>